<?xml version="1.0" encoding="UTF-8"?>
<!-- Generated by org.testng.reporters.JUnitXMLReporter -->
<testsuite ignored="0" hostname="LTIN520199" failures="0" tests="8" name="edge Test" time="285.128" errors="0" timestamp="2024-04-08T15:06:10 IST">
  <testcase classname="testCases.TC_001_SearchDoctorWithCityandSpecialistTest" name="searchDoctors" time="141.075"/>
  <testcase classname="testCases.TC_001_SearchDoctorWithCityandSpecialistTest" name="seachDoctorsWithFilters" time="70.731"/>
  <testcase classname="testCases.TC_001_SearchDoctorWithCityandSpecialistTest" name="printDoctors" time="0.116"/>
  <testcase classname="testCases.TC_001_SearchDoctorWithCityandSpecialistTest" name="printDetails" time="0.309"/>
  <testcase classname="testCases.TC_002_ListOfSurgeries" name="findSurgeries" time="0.0">
    <skipped/>
  </testcase> <!-- findSurgeries -->
  <testcase classname="testCases.TC_003_HealthAndWellness" name="validateForCorporate" time="0.0">
    <skipped/>
  </testcase> <!-- validateForCorporate -->
  <testcase classname="testCases.TC_003_HealthAndWellness" name="invalidEmailId" time="0.0">
    <skipped/>
  </testcase> <!-- invalidEmailId -->
  <testcase classname="testCases.TC_003_HealthAndWellness" name="validateThankYou" time="0.0">
    <skipped/>
  </testcase> <!-- validateThankYou -->
</testsuite> <!-- edge Test -->
