<?xml version="1.0" encoding="UTF-8"?>
<!-- Generated by org.testng.reporters.JUnitXMLReporter -->
<testsuite ignored="0" hostname="LTIN520199" failures="0" tests="8" name="testng" time="114.238" errors="0" timestamp="2024-04-12T14:15:01 IST">
  <testcase classname="testCases.TC_001_SearchDoctorsTest" name="searchDoctors" time="9.813"/>
  <testcase classname="testCases.TC_001_SearchDoctorsTest" name="seachDoctorsWithFilters" time="43.077"/>
  <testcase classname="testCases.TC_001_SearchDoctorsTest" name="printDoctors" time="0.198"/>
  <testcase classname="testCases.TC_001_SearchDoctorsTest" name="printDetails" time="3.7"/>
  <testcase classname="testCases.TC_002_ListOfSurgeries" name="findSurgeries" time="5.223"/>
  <testcase classname="testCases.TC_003_HealthAndWellness" name="validateForCorporate" time="14.701"/>
  <testcase classname="testCases.TC_003_HealthAndWellness" name="invalidEmailId" time="5.035"/>
  <testcase classname="testCases.TC_003_HealthAndWellness" name="validateThankYou" time="6.667"/>
</testsuite> <!-- testng -->
